#! /c/Source/iverilog-install/bin/vvp
:ivl_version "12.0 (devel)" "(s20150603-1539-g2693dd32b)";
:ivl_delay_selection "TYPICAL";
:vpi_time_precision - 12;
:vpi_module "C:\iverilog\lib\ivl\system.vpi";
:vpi_module "C:\iverilog\lib\ivl\vhdl_sys.vpi";
:vpi_module "C:\iverilog\lib\ivl\vhdl_textio.vpi";
:vpi_module "C:\iverilog\lib\ivl\v2005_math.vpi";
:vpi_module "C:\iverilog\lib\ivl\va_math.vpi";
S_0000012b09e9b640 .scope module, "BCDtoSSeg_tb" "BCDtoSSeg_tb" 2 4;
 .timescale -9 -12;
v0000012b09e9e710_0 .var "BCD", 3 0;
v0000012b09e9e7b0_0 .net "SSeg", 0 6, v0000012b09e96bc0_0;  1 drivers
v0000012b09e9ba60_0 .net "an", 3 0, L_0000012b09e9e850;  1 drivers
S_0000012b09e9e440 .scope module, "uut" "BCDtoSSeg" 2 11, 3 1 0, S_0000012b09e9b640;
 .timescale -9 -12;
    .port_info 0 /INPUT 4 "BCD";
    .port_info 1 /INPUT 4 "s";
    .port_info 2 /OUTPUT 7 "SSeg";
    .port_info 3 /OUTPUT 4 "an";
o0000012b09eeb028 .functor BUFZ 4, C4<zzzz>; HiZ drive
L_0000012b09e9e850 .functor BUFZ 4, o0000012b09eeb028, C4<0000>, C4<0000>, C4<0000>;
v0000012b09e96fb0_0 .net "BCD", 3 0, v0000012b09e9e710_0;  1 drivers
v0000012b09e96bc0_0 .var "SSeg", 0 6;
v0000012b09e9e5d0_0 .net "an", 3 0, L_0000012b09e9e850;  alias, 1 drivers
v0000012b09e9e670_0 .net "s", 3 0, o0000012b09eeb028;  0 drivers
E_0000012b09ed4ea0 .event anyedge, v0000012b09e96fb0_0;
    .scope S_0000012b09e9e440;
T_0 ;
    %wait E_0000012b09ed4ea0;
    %load/vec4 v0000012b09e96fb0_0;
    %dup/vec4;
    %pushi/vec4 0, 0, 4;
    %cmp/u;
    %jmp/1 T_0.0, 6;
    %dup/vec4;
    %pushi/vec4 1, 0, 4;
    %cmp/u;
    %jmp/1 T_0.1, 6;
    %dup/vec4;
    %pushi/vec4 2, 0, 4;
    %cmp/u;
    %jmp/1 T_0.2, 6;
    %dup/vec4;
    %pushi/vec4 3, 0, 4;
    %cmp/u;
    %jmp/1 T_0.3, 6;
    %dup/vec4;
    %pushi/vec4 4, 0, 4;
    %cmp/u;
    %jmp/1 T_0.4, 6;
    %dup/vec4;
    %pushi/vec4 5, 0, 4;
    %cmp/u;
    %jmp/1 T_0.5, 6;
    %dup/vec4;
    %pushi/vec4 6, 0, 4;
    %cmp/u;
    %jmp/1 T_0.6, 6;
    %dup/vec4;
    %pushi/vec4 7, 0, 4;
    %cmp/u;
    %jmp/1 T_0.7, 6;
    %dup/vec4;
    %pushi/vec4 8, 0, 4;
    %cmp/u;
    %jmp/1 T_0.8, 6;
    %dup/vec4;
    %pushi/vec4 9, 0, 4;
    %cmp/u;
    %jmp/1 T_0.9, 6;
    %dup/vec4;
    %pushi/vec4 10, 0, 4;
    %cmp/u;
    %jmp/1 T_0.10, 6;
    %dup/vec4;
    %pushi/vec4 11, 0, 4;
    %cmp/u;
    %jmp/1 T_0.11, 6;
    %dup/vec4;
    %pushi/vec4 12, 0, 4;
    %cmp/u;
    %jmp/1 T_0.12, 6;
    %dup/vec4;
    %pushi/vec4 13, 0, 4;
    %cmp/u;
    %jmp/1 T_0.13, 6;
    %dup/vec4;
    %pushi/vec4 14, 0, 4;
    %cmp/u;
    %jmp/1 T_0.14, 6;
    %dup/vec4;
    %pushi/vec4 15, 0, 4;
    %cmp/u;
    %jmp/1 T_0.15, 6;
    %pushi/vec4 0, 0, 7;
    %store/vec4 v0000012b09e96bc0_0, 0, 7;
    %jmp T_0.17;
T_0.0 ;
    %pushi/vec4 1, 0, 7;
    %store/vec4 v0000012b09e96bc0_0, 0, 7;
    %jmp T_0.17;
T_0.1 ;
    %pushi/vec4 79, 0, 7;
    %store/vec4 v0000012b09e96bc0_0, 0, 7;
    %jmp T_0.17;
T_0.2 ;
    %pushi/vec4 18, 0, 7;
    %store/vec4 v0000012b09e96bc0_0, 0, 7;
    %jmp T_0.17;
T_0.3 ;
    %pushi/vec4 6, 0, 7;
    %store/vec4 v0000012b09e96bc0_0, 0, 7;
    %jmp T_0.17;
T_0.4 ;
    %pushi/vec4 76, 0, 7;
    %store/vec4 v0000012b09e96bc0_0, 0, 7;
    %jmp T_0.17;
T_0.5 ;
    %pushi/vec4 36, 0, 7;
    %store/vec4 v0000012b09e96bc0_0, 0, 7;
    %jmp T_0.17;
T_0.6 ;
    %pushi/vec4 32, 0, 7;
    %store/vec4 v0000012b09e96bc0_0, 0, 7;
    %jmp T_0.17;
T_0.7 ;
    %pushi/vec4 15, 0, 7;
    %store/vec4 v0000012b09e96bc0_0, 0, 7;
    %jmp T_0.17;
T_0.8 ;
    %pushi/vec4 0, 0, 7;
    %store/vec4 v0000012b09e96bc0_0, 0, 7;
    %jmp T_0.17;
T_0.9 ;
    %pushi/vec4 4, 0, 7;
    %store/vec4 v0000012b09e96bc0_0, 0, 7;
    %jmp T_0.17;
T_0.10 ;
    %pushi/vec4 8, 0, 7;
    %store/vec4 v0000012b09e96bc0_0, 0, 7;
    %jmp T_0.17;
T_0.11 ;
    %pushi/vec4 96, 0, 7;
    %store/vec4 v0000012b09e96bc0_0, 0, 7;
    %jmp T_0.17;
T_0.12 ;
    %pushi/vec4 49, 0, 7;
    %store/vec4 v0000012b09e96bc0_0, 0, 7;
    %jmp T_0.17;
T_0.13 ;
    %pushi/vec4 66, 0, 7;
    %store/vec4 v0000012b09e96bc0_0, 0, 7;
    %jmp T_0.17;
T_0.14 ;
    %pushi/vec4 48, 0, 7;
    %store/vec4 v0000012b09e96bc0_0, 0, 7;
    %jmp T_0.17;
T_0.15 ;
    %pushi/vec4 56, 0, 7;
    %store/vec4 v0000012b09e96bc0_0, 0, 7;
    %jmp T_0.17;
T_0.17 ;
    %pop/vec4 1;
    %jmp T_0;
    .thread T_0, $push;
    .scope S_0000012b09e9b640;
T_1 ;
    %vpi_call 2 19 "$dumpfile", "BCDtoSSeg_tb.vcd" {0 0 0};
    %vpi_call 2 20 "$dumpvars", 32'sb00000000000000000000000000000000, S_0000012b09e9b640 {0 0 0};
    %end;
    .thread T_1;
    .scope S_0000012b09e9b640;
T_2 ;
    %pushi/vec4 0, 0, 4;
    %store/vec4 v0000012b09e9e710_0, 0, 4;
    %delay 10000, 0;
    %vpi_call 2 28 "$display", "BCD = %b (0) => SSeg = %b (Segmentos activos: a)", v0000012b09e9e710_0, v0000012b09e9e7b0_0 {0 0 0};
    %pushi/vec4 5, 0, 4;
    %store/vec4 v0000012b09e9e710_0, 0, 4;
    %delay 10000, 0;
    %vpi_call 2 33 "$display", "BCD = %b (5) => SSeg = %b (Segmentos activos: f,g,c,d)", v0000012b09e9e710_0, v0000012b09e9e7b0_0 {0 0 0};
    %pushi/vec4 9, 0, 4;
    %store/vec4 v0000012b09e9e710_0, 0, 4;
    %delay 10000, 0;
    %vpi_call 2 38 "$display", "BCD = %b (9) => SSeg = %b (Segmentos activos: a,b,c,f,g)", v0000012b09e9e710_0, v0000012b09e9e7b0_0 {0 0 0};
    %pushi/vec4 10, 0, 4;
    %store/vec4 v0000012b09e9e710_0, 0, 4;
    %delay 10000, 0;
    %vpi_call 2 43 "$display", "BCD = %b (A) => SSeg = %b (Segmentos activos: a,b,c,e,f,g)", v0000012b09e9e710_0, v0000012b09e9e7b0_0 {0 0 0};
    %vpi_call 2 46 "$finish" {0 0 0};
    %end;
    .thread T_2;
# The file index is used to find the file name in the following table.
:file_names 4;
    "N/A";
    "<interactive>";
    "src\BCDtoSSeg_tb.v";
    "./src/BCDtoSSeg.v";
